<?xml version="1.0" encoding="UTF-8"?>
<!-- Generated by org.testng.reporters.JUnitXMLReporter -->
<testsuite hostname="Lenovo-PC" failures="0" tests="3" name="mySaturdayTests" time="6.146" errors="0" timestamp="27 Aug 2019 05:18:17 GMT">
  <testcase classname="com.selenium.tests.sanity_Login" name="chkIfControlspresent" time="6.102"/>
  <testcase classname="com.selenium.tests.sanity_Login" name="learningpriorityinTestng" time="0.002"/>
  <testcase classname="com.selenium.tests.testRegExp" name="testRegExpFn" time="0.007"/>
</testsuite> <!-- mySaturdayTests -->
