<?xml version="1.0" encoding="UTF-8"?>
<testng-results total="1" passed="1" failed="0" skipped="0">
  <reporter-output>
  </reporter-output>
  <suite started-at="2019-08-27T10:21:53Z" name="Default suite" finished-at="2019-08-27T10:22:13Z" duration-ms="19973">
    <groups>
    </groups>
    <test started-at="2019-08-27T10:21:53Z" name="Default test" finished-at="2019-08-27T10:22:13Z" duration-ms="19973">
      <class name="com.selenium.tests.AncestorInXpath">
        <test-method signature="testAncestorInXpath()[pri:0, instance:com.selenium.tests.AncestorInXpath@69453e37]" started-at="2019-08-27T15:51:53Z" name="testAncestorInXpath" finished-at="2019-08-27T15:52:13Z" duration-ms="19936" status="PASS">
          <reporter-output>
          </reporter-output>
        </test-method> <!-- testAncestorInXpath -->
      </class> <!-- com.selenium.tests.AncestorInXpath -->
    </test> <!-- Default test -->
  </suite> <!-- Default suite -->
</testng-results>
